{"total": {"lines":{"total":331,"covered":60,"skipped":0,"pct":18.12},"statements":{"total":348,"covered":60,"skipped":0,"pct":17.24},"functions":{"total":73,"covered":15,"skipped":0,"pct":20.54},"branches":{"total":127,"covered":21,"skipped":0,"pct":16.53},"branchesTrue":{"total":0,"covered":0,"skipped":0,"pct":100}}
,"C:\\Users\\mrobel\\OneDrive - Baker Tilly MRU\\Personnel\\my_app\\back\\src\\app.ts": {"lines":{"total":12,"covered":0,"skipped":0,"pct":0},"functions":{"total":0,"covered":0,"skipped":0,"pct":100},"statements":{"total":12,"covered":0,"skipped":0,"pct":0},"branches":{"total":0,"covered":0,"skipped":0,"pct":100}}
,"C:\\Users\\mrobel\\OneDrive - Baker Tilly MRU\\Personnel\\my_app\\back\\src\\adapters\\routes.ts": {"lines":{"total":14,"covered":0,"skipped":0,"pct":0},"functions":{"total":1,"covered":0,"skipped":0,"pct":0},"statements":{"total":14,"covered":0,"skipped":0,"pct":0},"branches":{"total":2,"covered":0,"skipped":0,"pct":0}}
,"C:\\Users\\mrobel\\OneDrive - Baker Tilly MRU\\Personnel\\my_app\\back\\src\\adapters\\controllers\\announcementController.ts": {"lines":{"total":34,"covered":0,"skipped":0,"pct":0},"functions":{"total":5,"covered":0,"skipped":0,"pct":0},"statements":{"total":39,"covered":0,"skipped":0,"pct":0},"branches":{"total":8,"covered":0,"skipped":0,"pct":0}}
,"C:\\Users\\mrobel\\OneDrive - Baker Tilly MRU\\Personnel\\my_app\\back\\src\\adapters\\controllers\\feedbackController.ts": {"lines":{"total":15,"covered":0,"skipped":0,"pct":0},"functions":{"total":3,"covered":0,"skipped":0,"pct":0},"statements":{"total":16,"covered":0,"skipped":0,"pct":0},"branches":{"total":0,"covered":0,"skipped":0,"pct":100}}
,"C:\\Users\\mrobel\\OneDrive - Baker Tilly MRU\\Personnel\\my_app\\back\\src\\adapters\\repositories\\InMemoryAnnouncementRepository.ts": {"lines":{"total":7,"covered":0,"skipped":0,"pct":0},"functions":{"total":5,"covered":0,"skipped":0,"pct":0},"statements":{"total":9,"covered":0,"skipped":0,"pct":0},"branches":{"total":4,"covered":0,"skipped":0,"pct":0}}
,"C:\\Users\\mrobel\\OneDrive - Baker Tilly MRU\\Personnel\\my_app\\back\\src\\adapters\\repositories\\InMemoryFeedbackRepository.ts": {"lines":{"total":5,"covered":0,"skipped":0,"pct":0},"functions":{"total":4,"covered":0,"skipped":0,"pct":0},"statements":{"total":5,"covered":0,"skipped":0,"pct":0},"branches":{"total":2,"covered":0,"skipped":0,"pct":0}}
,"C:\\Users\\mrobel\\OneDrive - Baker Tilly MRU\\Personnel\\my_app\\back\\src\\application\\auth\\LoginUseCase.ts": {"lines":{"total":17,"covered":17,"skipped":0,"pct":100},"functions":{"total":2,"covered":2,"skipped":0,"pct":100},"statements":{"total":17,"covered":17,"skipped":0,"pct":100},"branches":{"total":6,"covered":6,"skipped":0,"pct":100}}
,"C:\\Users\\mrobel\\OneDrive - Baker Tilly MRU\\Personnel\\my_app\\back\\src\\application\\auth\\RegisterUseCase.ts": {"lines":{"total":18,"covered":18,"skipped":0,"pct":100},"functions":{"total":2,"covered":2,"skipped":0,"pct":100},"statements":{"total":18,"covered":18,"skipped":0,"pct":100},"branches":{"total":13,"covered":13,"skipped":0,"pct":100}}
,"C:\\Users\\mrobel\\OneDrive - Baker Tilly MRU\\Personnel\\my_app\\back\\src\\application\\schemas\\announcementSchemas.ts": {"lines":{"total":2,"covered":0,"skipped":0,"pct":0},"functions":{"total":0,"covered":0,"skipped":0,"pct":100},"statements":{"total":2,"covered":0,"skipped":0,"pct":0},"branches":{"total":0,"covered":0,"skipped":0,"pct":100}}
,"C:\\Users\\mrobel\\OneDrive - Baker Tilly MRU\\Personnel\\my_app\\back\\src\\application\\usecases\\createAnnouncement.ts": {"lines":{"total":9,"covered":0,"skipped":0,"pct":0},"functions":{"total":2,"covered":0,"skipped":0,"pct":0},"statements":{"total":9,"covered":0,"skipped":0,"pct":0},"branches":{"total":2,"covered":0,"skipped":0,"pct":0}}
,"C:\\Users\\mrobel\\OneDrive - Baker Tilly MRU\\Personnel\\my_app\\back\\src\\application\\usecases\\publishAnnouncement.ts": {"lines":{"total":10,"covered":0,"skipped":0,"pct":0},"functions":{"total":2,"covered":0,"skipped":0,"pct":0},"statements":{"total":11,"covered":0,"skipped":0,"pct":0},"branches":{"total":4,"covered":0,"skipped":0,"pct":0}}
,"C:\\Users\\mrobel\\OneDrive - Baker Tilly MRU\\Personnel\\my_app\\back\\src\\application\\usecases\\submitFeedback.ts": {"lines":{"total":9,"covered":0,"skipped":0,"pct":0},"functions":{"total":2,"covered":0,"skipped":0,"pct":0},"statements":{"total":9,"covered":0,"skipped":0,"pct":0},"branches":{"total":2,"covered":0,"skipped":0,"pct":0}}
,"C:\\Users\\mrobel\\OneDrive - Baker Tilly MRU\\Personnel\\my_app\\back\\src\\domain\\entities\\Announcement.ts": {"lines":{"total":11,"covered":0,"skipped":0,"pct":0},"functions":{"total":6,"covered":0,"skipped":0,"pct":0},"statements":{"total":11,"covered":0,"skipped":0,"pct":0},"branches":{"total":2,"covered":0,"skipped":0,"pct":0}}
,"C:\\Users\\mrobel\\OneDrive - Baker Tilly MRU\\Personnel\\my_app\\back\\src\\domain\\entities\\Department.ts": {"lines":{"total":28,"covered":0,"skipped":0,"pct":0},"functions":{"total":5,"covered":0,"skipped":0,"pct":0},"statements":{"total":31,"covered":0,"skipped":0,"pct":0},"branches":{"total":24,"covered":0,"skipped":0,"pct":0}}
,"C:\\Users\\mrobel\\OneDrive - Baker Tilly MRU\\Personnel\\my_app\\back\\src\\domain\\entities\\Employee.ts": {"lines":{"total":35,"covered":0,"skipped":0,"pct":0},"functions":{"total":5,"covered":0,"skipped":0,"pct":0},"statements":{"total":38,"covered":0,"skipped":0,"pct":0},"branches":{"total":30,"covered":0,"skipped":0,"pct":0}}
,"C:\\Users\\mrobel\\OneDrive - Baker Tilly MRU\\Personnel\\my_app\\back\\src\\domain\\entities\\Feedback.ts": {"lines":{"total":7,"covered":0,"skipped":0,"pct":0},"functions":{"total":4,"covered":0,"skipped":0,"pct":0},"statements":{"total":7,"covered":0,"skipped":0,"pct":0},"branches":{"total":0,"covered":0,"skipped":0,"pct":100}}
,"C:\\Users\\mrobel\\OneDrive - Baker Tilly MRU\\Personnel\\my_app\\back\\src\\domain\\entities\\User.ts": {"lines":{"total":10,"covered":8,"skipped":0,"pct":80},"functions":{"total":9,"covered":7,"skipped":0,"pct":77.77},"statements":{"total":10,"covered":8,"skipped":0,"pct":80},"branches":{"total":0,"covered":0,"skipped":0,"pct":100}}
,"C:\\Users\\mrobel\\OneDrive - Baker Tilly MRU\\Personnel\\my_app\\back\\src\\domain\\enums\\EmployeeStatus.ts": {"lines":{"total":7,"covered":0,"skipped":0,"pct":0},"functions":{"total":2,"covered":0,"skipped":0,"pct":0},"statements":{"total":8,"covered":0,"skipped":0,"pct":0},"branches":{"total":2,"covered":0,"skipped":0,"pct":0}}
,"C:\\Users\\mrobel\\OneDrive - Baker Tilly MRU\\Personnel\\my_app\\back\\src\\domain\\exceptions\\InvalidCredentialsError.ts": {"lines":{"total":3,"covered":3,"skipped":0,"pct":100},"functions":{"total":1,"covered":1,"skipped":0,"pct":100},"statements":{"total":3,"covered":3,"skipped":0,"pct":100},"branches":{"total":1,"covered":1,"skipped":0,"pct":100}}
,"C:\\Users\\mrobel\\OneDrive - Baker Tilly MRU\\Personnel\\my_app\\back\\src\\domain\\exceptions\\InvalidInputError.ts": {"lines":{"total":3,"covered":3,"skipped":0,"pct":100},"functions":{"total":1,"covered":1,"skipped":0,"pct":100},"statements":{"total":3,"covered":3,"skipped":0,"pct":100},"branches":{"total":1,"covered":0,"skipped":0,"pct":0}}
,"C:\\Users\\mrobel\\OneDrive - Baker Tilly MRU\\Personnel\\my_app\\back\\src\\domain\\exceptions\\UserAlreadyExistsError.ts": {"lines":{"total":3,"covered":3,"skipped":0,"pct":100},"functions":{"total":1,"covered":1,"skipped":0,"pct":100},"statements":{"total":3,"covered":3,"skipped":0,"pct":100},"branches":{"total":1,"covered":1,"skipped":0,"pct":100}}
,"C:\\Users\\mrobel\\OneDrive - Baker Tilly MRU\\Personnel\\my_app\\back\\src\\domain\\value-objects\\AnnouncementStatus.ts": {"lines":{"total":1,"covered":0,"skipped":0,"pct":0},"functions":{"total":0,"covered":0,"skipped":0,"pct":100},"statements":{"total":1,"covered":0,"skipped":0,"pct":0},"branches":{"total":0,"covered":0,"skipped":0,"pct":100}}
,"C:\\Users\\mrobel\\OneDrive - Baker Tilly MRU\\Personnel\\my_app\\back\\src\\domain\\value-objects\\FeedbackStatus.ts": {"lines":{"total":1,"covered":0,"skipped":0,"pct":0},"functions":{"total":0,"covered":0,"skipped":0,"pct":100},"statements":{"total":1,"covered":0,"skipped":0,"pct":0},"branches":{"total":0,"covered":0,"skipped":0,"pct":100}}
,"C:\\Users\\mrobel\\OneDrive - Baker Tilly MRU\\Personnel\\my_app\\back\\src\\infrastructure\\config.ts": {"lines":{"total":2,"covered":0,"skipped":0,"pct":0},"functions":{"total":0,"covered":0,"skipped":0,"pct":100},"statements":{"total":2,"covered":0,"skipped":0,"pct":0},"branches":{"total":2,"covered":0,"skipped":0,"pct":0}}
,"C:\\Users\\mrobel\\OneDrive - Baker Tilly MRU\\Personnel\\my_app\\back\\src\\infrastructure\\errors.ts": {"lines":{"total":3,"covered":0,"skipped":0,"pct":0},"functions":{"total":1,"covered":0,"skipped":0,"pct":0},"statements":{"total":3,"covered":0,"skipped":0,"pct":0},"branches":{"total":1,"covered":0,"skipped":0,"pct":0}}
,"C:\\Users\\mrobel\\OneDrive - Baker Tilly MRU\\Personnel\\my_app\\back\\src\\infrastructure\\database\\seed.ts": {"lines":{"total":10,"covered":0,"skipped":0,"pct":0},"functions":{"total":1,"covered":0,"skipped":0,"pct":0},"statements":{"total":10,"covered":0,"skipped":0,"pct":0},"branches":{"total":2,"covered":0,"skipped":0,"pct":0}}
,"C:\\Users\\mrobel\\OneDrive - Baker Tilly MRU\\Personnel\\my_app\\back\\src\\infrastructure\\database\\seeds\\departments.seed.ts": {"lines":{"total":8,"covered":0,"skipped":0,"pct":0},"functions":{"total":1,"covered":0,"skipped":0,"pct":0},"statements":{"total":8,"covered":0,"skipped":0,"pct":0},"branches":{"total":0,"covered":0,"skipped":0,"pct":100}}
,"C:\\Users\\mrobel\\OneDrive - Baker Tilly MRU\\Personnel\\my_app\\back\\src\\infrastructure\\database\\seeds\\employees.seed.ts": {"lines":{"total":9,"covered":0,"skipped":0,"pct":0},"functions":{"total":1,"covered":0,"skipped":0,"pct":0},"statements":{"total":9,"covered":0,"skipped":0,"pct":0},"branches":{"total":0,"covered":0,"skipped":0,"pct":100}}
,"C:\\Users\\mrobel\\OneDrive - Baker Tilly MRU\\Personnel\\my_app\\back\\src\\infrastructure\\database\\seeds\\users.seed.ts": {"lines":{"total":8,"covered":8,"skipped":0,"pct":100},"functions":{"total":1,"covered":1,"skipped":0,"pct":100},"statements":{"total":8,"covered":8,"skipped":0,"pct":100},"branches":{"total":0,"covered":0,"skipped":0,"pct":100}}
,"C:\\Users\\mrobel\\OneDrive - Baker Tilly MRU\\Personnel\\my_app\\back\\src\\infrastructure\\middleware\\authMock.ts": {"lines":{"total":12,"covered":0,"skipped":0,"pct":0},"functions":{"total":1,"covered":0,"skipped":0,"pct":0},"statements":{"total":12,"covered":0,"skipped":0,"pct":0},"branches":{"total":12,"covered":0,"skipped":0,"pct":0}}
,"C:\\Users\\mrobel\\OneDrive - Baker Tilly MRU\\Personnel\\my_app\\back\\src\\infrastructure\\middleware\\errorHandler.ts": {"lines":{"total":6,"covered":0,"skipped":0,"pct":0},"functions":{"total":1,"covered":0,"skipped":0,"pct":0},"statements":{"total":6,"covered":0,"skipped":0,"pct":0},"branches":{"total":2,"covered":0,"skipped":0,"pct":0}}
,"C:\\Users\\mrobel\\OneDrive - Baker Tilly MRU\\Personnel\\my_app\\back\\src\\infrastructure\\middleware\\rbac.ts": {"lines":{"total":9,"covered":0,"skipped":0,"pct":0},"functions":{"total":3,"covered":0,"skipped":0,"pct":0},"statements":{"total":10,"covered":0,"skipped":0,"pct":0},"branches":{"total":4,"covered":0,"skipped":0,"pct":0}}
,"C:\\Users\\mrobel\\OneDrive - Baker Tilly MRU\\Personnel\\my_app\\back\\src\\infrastructure\\middleware\\requestLogger.ts": {"lines":{"total":3,"covered":0,"skipped":0,"pct":0},"functions":{"total":1,"covered":0,"skipped":0,"pct":0},"statements":{"total":3,"covered":0,"skipped":0,"pct":0},"branches":{"total":0,"covered":0,"skipped":0,"pct":100}}
}
